[debug] [2023-01-10T13:41:14.855Z] ----------------------------------------------------------------------
[debug] [2023-01-10T13:41:14.857Z] Command:       C:\Program Files\nodejs\node.exe C:\Users\paulg\AppData\Roaming\npm\node_modules\firebase-tools\lib\bin\firebase.js deploy --only functions:api
[debug] [2023-01-10T13:41:14.858Z] CLI Version:   11.10.0
[debug] [2023-01-10T13:41:14.858Z] Platform:      win32
[debug] [2023-01-10T13:41:14.858Z] Node Version:  v16.14.2
[debug] [2023-01-10T13:41:14.859Z] Time:          Tue Jan 10 2023 21:41:14 GMT+0800 (Philippine Standard Time)
[debug] [2023-01-10T13:41:14.859Z] ----------------------------------------------------------------------
[debug] 
[debug] [2023-01-10T13:41:14.923Z] > command requires scopes: ["email","openid","https://www.googleapis.com/auth/cloudplatformprojects.readonly","https://www.googleapis.com/auth/firebase","https://www.googleapis.com/auth/cloud-platform"]
[debug] [2023-01-10T13:41:14.924Z] > authorizing via signed-in user (jentereso.kezar@gmail.com)
[debug] [2023-01-10T13:41:14.924Z] [iam] checking project hain-402aa for permissions ["cloudfunctions.functions.create","cloudfunctions.functions.delete","cloudfunctions.functions.get","cloudfunctions.functions.list","cloudfunctions.functions.update","cloudfunctions.operations.get","firebase.projects.get"]
[debug] [2023-01-10T13:41:14.925Z] > refreshing access token with scopes: []
[debug] [2023-01-10T13:41:14.927Z] >>> [apiv2][query] POST https://www.googleapis.com/oauth2/v3/token [none]
[debug] [2023-01-10T13:41:14.927Z] >>> [apiv2][body] POST https://www.googleapis.com/oauth2/v3/token [omitted]
[debug] [2023-01-10T13:41:15.154Z] <<< [apiv2][status] POST https://www.googleapis.com/oauth2/v3/token 200
[debug] [2023-01-10T13:41:15.154Z] <<< [apiv2][body] POST https://www.googleapis.com/oauth2/v3/token [omitted]
[debug] [2023-01-10T13:41:15.166Z] >>> [apiv2][query] POST https://cloudresourcemanager.googleapis.com/v1/projects/hain-402aa:testIamPermissions [none]
[debug] [2023-01-10T13:41:15.166Z] >>> [apiv2][(partial)header] POST https://cloudresourcemanager.googleapis.com/v1/projects/hain-402aa:testIamPermissions x-goog-quota-user=projects/hain-402aa
[debug] [2023-01-10T13:41:15.166Z] >>> [apiv2][body] POST https://cloudresourcemanager.googleapis.com/v1/projects/hain-402aa:testIamPermissions {"permissions":["cloudfunctions.functions.create","cloudfunctions.functions.delete","cloudfunctions.functions.get","cloudfunctions.functions.list","cloudfunctions.functions.update","cloudfunctions.operations.get","firebase.projects.get"]}
[debug] [2023-01-10T13:41:16.252Z] <<< [apiv2][status] POST https://cloudresourcemanager.googleapis.com/v1/projects/hain-402aa:testIamPermissions 200
[debug] [2023-01-10T13:41:16.253Z] <<< [apiv2][body] POST https://cloudresourcemanager.googleapis.com/v1/projects/hain-402aa:testIamPermissions {"permissions":["cloudfunctions.functions.create","cloudfunctions.functions.delete","cloudfunctions.functions.get","cloudfunctions.functions.list","cloudfunctions.functions.update","cloudfunctions.operations.get","firebase.projects.get"]}
[debug] [2023-01-10T13:41:16.253Z] >>> [apiv2][query] POST https://iam.googleapis.com/v1/projects/hain-402aa/serviceAccounts/hain-402aa@appspot.gserviceaccount.com:testIamPermissions [none]
[debug] [2023-01-10T13:41:16.253Z] >>> [apiv2][body] POST https://iam.googleapis.com/v1/projects/hain-402aa/serviceAccounts/hain-402aa@appspot.gserviceaccount.com:testIamPermissions {"permissions":["iam.serviceAccounts.actAs"]}
[debug] [2023-01-10T13:41:16.729Z] <<< [apiv2][status] POST https://iam.googleapis.com/v1/projects/hain-402aa/serviceAccounts/hain-402aa@appspot.gserviceaccount.com:testIamPermissions 200
[debug] [2023-01-10T13:41:16.729Z] <<< [apiv2][body] POST https://iam.googleapis.com/v1/projects/hain-402aa/serviceAccounts/hain-402aa@appspot.gserviceaccount.com:testIamPermissions {"permissions":["iam.serviceAccounts.actAs"]}
[info] 
[info] === Deploying to 'hain-402aa'...
[info] 
[info] i  deploying functions 
[info] Running command: npm --prefix "$RESOURCE_DIR" run lint
[info] +  functions: Finished running predeploy script. 
[debug] [2023-01-10T13:41:19.039Z] >>> [apiv2][query] GET https://firebase.googleapis.com/v1beta1/projects/hain-402aa [none]
[debug] [2023-01-10T13:41:19.438Z] <<< [apiv2][status] GET https://firebase.googleapis.com/v1beta1/projects/hain-402aa 200
[debug] [2023-01-10T13:41:19.438Z] <<< [apiv2][body] GET https://firebase.googleapis.com/v1beta1/projects/hain-402aa {"projectId":"hain-402aa","projectNumber":"689954200164","displayName":"hain","name":"projects/hain-402aa","resources":{"hostingSite":"hain-402aa","storageBucket":"hain-402aa.appspot.com","locationId":"asia-east2"},"state":"ACTIVE","etag":"1_5ae77f0b-5361-4d98-8645-14f9faa26f39"}
[info] i  functions: ensuring required API cloudfunctions.googleapis.com is enabled... 
[info] i  functions: ensuring required API cloudbuild.googleapis.com is enabled... 
[info] i  artifactregistry: ensuring required API artifactregistry.googleapis.com is enabled... 
[debug] [2023-01-10T13:41:19.443Z] >>> [apiv2][query] GET https://serviceusage.googleapis.com/v1/projects/hain-402aa/services/cloudfunctions.googleapis.com [none]
[debug] [2023-01-10T13:41:19.443Z] >>> [apiv2][(partial)header] GET https://serviceusage.googleapis.com/v1/projects/hain-402aa/services/cloudfunctions.googleapis.com x-goog-quota-user=projects/hain-402aa
[debug] [2023-01-10T13:41:19.444Z] >>> [apiv2][query] GET https://serviceusage.googleapis.com/v1/projects/hain-402aa/services/runtimeconfig.googleapis.com [none]
[debug] [2023-01-10T13:41:19.444Z] >>> [apiv2][(partial)header] GET https://serviceusage.googleapis.com/v1/projects/hain-402aa/services/runtimeconfig.googleapis.com x-goog-quota-user=projects/hain-402aa
[debug] [2023-01-10T13:41:19.445Z] >>> [apiv2][query] GET https://serviceusage.googleapis.com/v1/projects/hain-402aa/services/cloudbuild.googleapis.com [none]
[debug] [2023-01-10T13:41:19.445Z] >>> [apiv2][(partial)header] GET https://serviceusage.googleapis.com/v1/projects/hain-402aa/services/cloudbuild.googleapis.com x-goog-quota-user=projects/hain-402aa
[debug] [2023-01-10T13:41:19.446Z] >>> [apiv2][query] GET https://serviceusage.googleapis.com/v1/projects/hain-402aa/services/artifactregistry.googleapis.com [none]
[debug] [2023-01-10T13:41:19.446Z] >>> [apiv2][(partial)header] GET https://serviceusage.googleapis.com/v1/projects/hain-402aa/services/artifactregistry.googleapis.com x-goog-quota-user=projects/hain-402aa
[debug] [2023-01-10T13:41:20.878Z] <<< [apiv2][status] GET https://serviceusage.googleapis.com/v1/projects/hain-402aa/services/artifactregistry.googleapis.com 200
[debug] [2023-01-10T13:41:20.878Z] <<< [apiv2][body] GET https://serviceusage.googleapis.com/v1/projects/hain-402aa/services/artifactregistry.googleapis.com [omitted]
[info] +  artifactregistry: required API artifactregistry.googleapis.com is enabled 
[debug] [2023-01-10T13:41:20.882Z] <<< [apiv2][status] GET https://serviceusage.googleapis.com/v1/projects/hain-402aa/services/runtimeconfig.googleapis.com 200
[debug] [2023-01-10T13:41:20.882Z] <<< [apiv2][body] GET https://serviceusage.googleapis.com/v1/projects/hain-402aa/services/runtimeconfig.googleapis.com [omitted]
[debug] [2023-01-10T13:41:20.903Z] <<< [apiv2][status] GET https://serviceusage.googleapis.com/v1/projects/hain-402aa/services/cloudfunctions.googleapis.com 200
[debug] [2023-01-10T13:41:20.903Z] <<< [apiv2][body] GET https://serviceusage.googleapis.com/v1/projects/hain-402aa/services/cloudfunctions.googleapis.com [omitted]
[info] +  functions: required API cloudfunctions.googleapis.com is enabled 
[debug] [2023-01-10T13:41:20.918Z] <<< [apiv2][status] GET https://serviceusage.googleapis.com/v1/projects/hain-402aa/services/cloudbuild.googleapis.com 200
[debug] [2023-01-10T13:41:20.918Z] <<< [apiv2][body] GET https://serviceusage.googleapis.com/v1/projects/hain-402aa/services/cloudbuild.googleapis.com [omitted]
[info] +  functions: required API cloudbuild.googleapis.com is enabled 
[debug] [2023-01-10T13:41:20.919Z] >>> [apiv2][query] GET https://firebase.googleapis.com/v1beta1/projects/hain-402aa/adminSdkConfig [none]
[debug] [2023-01-10T13:41:21.319Z] <<< [apiv2][status] GET https://firebase.googleapis.com/v1beta1/projects/hain-402aa/adminSdkConfig 200
[debug] [2023-01-10T13:41:21.319Z] <<< [apiv2][body] GET https://firebase.googleapis.com/v1beta1/projects/hain-402aa/adminSdkConfig {"projectId":"hain-402aa","storageBucket":"hain-402aa.appspot.com","locationId":"asia-east2"}
[debug] [2023-01-10T13:41:21.320Z] >>> [apiv2][query] GET https://runtimeconfig.googleapis.com/v1beta1/projects/hain-402aa/configs [none]
[debug] [2023-01-10T13:41:21.998Z] <<< [apiv2][status] GET https://runtimeconfig.googleapis.com/v1beta1/projects/hain-402aa/configs 200
[debug] [2023-01-10T13:41:21.998Z] <<< [apiv2][body] GET https://runtimeconfig.googleapis.com/v1beta1/projects/hain-402aa/configs {}
[info] i  functions: preparing codebase default for deployment 
[debug] [2023-01-10T13:41:22.001Z] Validating nodejs source
[warn] !  functions: package.json indicates an outdated version of firebase-functions. Please upgrade using npm install --save firebase-functions@latest in your functions directory. 
[warn] !  functions: Please note that there will be breaking changes when you upgrade. 
[debug] [2023-01-10T13:41:25.028Z] > [functions] package.json contents: {
  "name": "functions",
  "description": "Cloud Functions for Firebase",
  "scripts": {
    "lint": "eslint .",
    "serve": "firebase emulators:start --only functions",
    "shell": "firebase functions:shell",
    "start": "npm run shell",
    "deploy": "firebase deploy --only functions",
    "logs": "firebase functions:log"
  },
  "engines": {
    "node": "16"
  },
  "main": "index.js",
  "dependencies": {
    "@babel/eslint-parser": "^7.19.1",
    "babel-eslint": "^10.1.0",
    "body-parser": "^1.20.0",
    "cors": "^2.8.5",
    "express": "^4.18.1",
    "firebase": "^9.10.0",
    "firebase-admin": "^10.0.2",
    "firebase-functions": "^3.18.0",
    "nodemon": "^2.0.20"
  },
  "devDependencies": {
    "eslint": "^8.24.0",
    "eslint-config-google": "^0.14.0",
    "firebase-functions-test": "^0.2.0"
  },
  "private": true
}
[debug] [2023-01-10T13:41:25.028Z] Building nodejs source
[info] i  functions: Loaded environment variables from .env. 
[debug] [2023-01-10T13:41:25.032Z] Could not find functions.yaml. Must use http discovery
[debug] [2023-01-10T13:41:25.410Z] Serving at port 9005

[debug] [2023-01-10T13:41:25.630Z] running on port 1

[debug] [2023-01-10T13:41:25.634Z] Got response from /__/functions.yaml {"endpoints":{"api":{"platform":"gcfv1","availableMemoryMb":1024,"httpsTrigger":{},"entryPoint":"api"}},"specVersion":"v1alpha1","requiredAPIs":[]}
[debug] [2023-01-10T13:41:25.645Z] shutdown requested via /__/quitquitquit

[info] i  functions: preparing functions directory for uploading... 
[info] i  functions: packaged C:\Users\paulg\Desktop\Kezar\hainapi\functions (115.09 KB) for uploading 
[debug] [2023-01-10T13:41:35.763Z] >>> [apiv2][query] GET https://cloudfunctions.googleapis.com/v1/projects/hain-402aa/locations/-/functions [none]
[debug] [2023-01-10T13:41:37.671Z] <<< [apiv2][status] GET https://cloudfunctions.googleapis.com/v1/projects/hain-402aa/locations/-/functions 200
[debug] [2023-01-10T13:41:37.672Z] <<< [apiv2][body] GET https://cloudfunctions.googleapis.com/v1/projects/hain-402aa/locations/-/functions {"functions":[{"name":"projects/hain-402aa/locations/us-central1/functions/api","httpsTrigger":{"url":"https://us-central1-hain-402aa.cloudfunctions.net/api","securityLevel":"SECURE_ALWAYS"},"status":"ACTIVE","entryPoint":"api","timeout":"60s","availableMemoryMb":1024,"serviceAccountEmail":"hain-402aa@appspot.gserviceaccount.com","updateTime":"2022-12-06T05:56:56.161Z","versionId":"28","labels":{"deployment-tool":"cli-firebase"},"sourceUploadUrl":"https://storage.googleapis.com/uploads-574745893299.us-central1.cloudfunctions.appspot.com/c7775db6-b3f8-442b-a31f-6a55757fe965.zip","environmentVariables":{"FIREBASE_CONFIG":"{\"projectId\":\"hain-402aa\",\"storageBucket\":\"hain-402aa.appspot.com\",\"locationId\":\"asia-east2\"}","GCLOUD_PROJECT":"hain-402aa"},"runtime":"nodejs16","ingressSettings":"ALLOW_ALL","buildId":"23f873bb-a4e9-4c10-8ac9-041a77b38ee3","buildName":"projects/689954200164/locations/us-central1/builds/23f873bb-a4e9-4c10-8ac9-041a77b38ee3","dockerRegistry":"ARTIFACT_REGISTRY"}]}
[debug] [2023-01-10T13:41:37.673Z] >>> [apiv2][query] GET https://cloudfunctions.googleapis.com/v2/projects/hain-402aa/locations/-/functions filter=environment%3D%22GEN_2%22
[debug] [2023-01-10T13:41:39.140Z] <<< [apiv2][status] GET https://cloudfunctions.googleapis.com/v2/projects/hain-402aa/locations/-/functions 200
[debug] [2023-01-10T13:41:39.140Z] <<< [apiv2][body] GET https://cloudfunctions.googleapis.com/v2/projects/hain-402aa/locations/-/functions {}
[debug] [2023-01-10T13:41:39.149Z] >>> [apiv2][query] GET https://firebase.googleapis.com/v1beta1/projects/hain-402aa [none]
[debug] [2023-01-10T13:41:39.499Z] <<< [apiv2][status] GET https://firebase.googleapis.com/v1beta1/projects/hain-402aa 200
[debug] [2023-01-10T13:41:39.499Z] <<< [apiv2][body] GET https://firebase.googleapis.com/v1beta1/projects/hain-402aa {"projectId":"hain-402aa","projectNumber":"689954200164","displayName":"hain","name":"projects/hain-402aa","resources":{"hostingSite":"hain-402aa","storageBucket":"hain-402aa.appspot.com","locationId":"asia-east2"},"state":"ACTIVE","etag":"1_5ae77f0b-5361-4d98-8645-14f9faa26f39"}
[debug] [2023-01-10T13:41:39.500Z] >>> [apiv2][query] POST https://cloudfunctions.googleapis.com/v1/projects/hain-402aa/locations/us-central1/functions:generateUploadUrl [none]
[debug] [2023-01-10T13:41:39.500Z] >>> [apiv2][body] POST https://cloudfunctions.googleapis.com/v1/projects/hain-402aa/locations/us-central1/functions:generateUploadUrl {}
[debug] [2023-01-10T13:41:40.311Z] <<< [apiv2][status] POST https://cloudfunctions.googleapis.com/v1/projects/hain-402aa/locations/us-central1/functions:generateUploadUrl 200
[debug] [2023-01-10T13:41:40.311Z] <<< [apiv2][body] POST https://cloudfunctions.googleapis.com/v1/projects/hain-402aa/locations/us-central1/functions:generateUploadUrl {"uploadUrl":"https://storage.googleapis.com/uploads-574745893299.us-central1.cloudfunctions.appspot.com/44b47d31-0530-41ee-a120-d8e5b937bf6f.zip?GoogleAccessId=service-689954200164@gcf-admin-robot.iam.gserviceaccount.com&Expires=1673359878&Signature=CQEmjs%2FvZRXni7cp60y%2BzOzQx8oVW37Q1F5tFPfSqgC5jUWMHLKtQzI5MWo1EmcMQhSAvEf88FS3o7QGP5LvOho9SOUJSjfZKIXRP0V0tdLwrBWwJcV0F4UHJ48tLwiRI14sVYHWEp7ZK%2B3Kyygjz6VQiJGvtAy9No7CHmkI2KP2plWBYxYZWd6qJ9KOpgujlUuM6EU9uwsj71sWYv5y0bRGlTVhKYvn5dQHK6lPw5Vcj4mRM9trtQgSGIika%2BGkk41WFjGZiVP91TGGI3R53bQfdLkdFh28iicjfVZoAj1o2yggBiCxecnK9hdQ4RLVCZCNYirHhnmpwkktZc1IOw%3D%3D"}
[debug] [2023-01-10T13:41:40.312Z] >>> [apiv2][query] PUT https://storage.googleapis.com/uploads-574745893299.us-central1.cloudfunctions.appspot.com/44b47d31-0530-41ee-a120-d8e5b937bf6f.zip GoogleAccessId=service-689954200164%40gcf-admin-robot.iam.gserviceaccount.com&Expires=1673359878&Signature=CQEmjs%2FvZRXni7cp60y%2BzOzQx8oVW37Q1F5tFPfSqgC5jUWMHLKtQzI5MWo1EmcMQhSAvEf88FS3o7QGP5LvOho9SOUJSjfZKIXRP0V0tdLwrBWwJcV0F4UHJ48tLwiRI14sVYHWEp7ZK%2B3Kyygjz6VQiJGvtAy9No7CHmkI2KP2plWBYxYZWd6qJ9KOpgujlUuM6EU9uwsj71sWYv5y0bRGlTVhKYvn5dQHK6lPw5Vcj4mRM9trtQgSGIika%2BGkk41WFjGZiVP91TGGI3R53bQfdLkdFh28iicjfVZoAj1o2yggBiCxecnK9hdQ4RLVCZCNYirHhnmpwkktZc1IOw%3D%3D
[debug] [2023-01-10T13:41:40.312Z] >>> [apiv2][body] PUT https://storage.googleapis.com/uploads-574745893299.us-central1.cloudfunctions.appspot.com/44b47d31-0530-41ee-a120-d8e5b937bf6f.zip [stream]
[debug] [2023-01-10T13:41:40.822Z] <<< [apiv2][status] PUT https://storage.googleapis.com/uploads-574745893299.us-central1.cloudfunctions.appspot.com/44b47d31-0530-41ee-a120-d8e5b937bf6f.zip 200
[debug] [2023-01-10T13:41:40.822Z] <<< [apiv2][body] PUT https://storage.googleapis.com/uploads-574745893299.us-central1.cloudfunctions.appspot.com/44b47d31-0530-41ee-a120-d8e5b937bf6f.zip [omitted]
[info] +  functions: functions folder uploaded successfully 
[info] i  functions: updating Node.js 16 function api(us-central1)... 
[debug] [2023-01-10T13:41:40.831Z] >>> [apiv2][query] PATCH https://cloudfunctions.googleapis.com/v1/projects/hain-402aa/locations/us-central1/functions/api updateMask=name%2CsourceUploadUrl%2CentryPoint%2Cruntime%2CdockerRegistry%2Clabels%2ChttpsTrigger.securityLevel%2CenvironmentVariables%2CavailableMemoryMb%2CsourceToken
[debug] [2023-01-10T13:41:40.831Z] >>> [apiv2][body] PATCH https://cloudfunctions.googleapis.com/v1/projects/hain-402aa/locations/us-central1/functions/api {"name":"projects/hain-402aa/locations/us-central1/functions/api","sourceUploadUrl":"https://storage.googleapis.com/uploads-574745893299.us-central1.cloudfunctions.appspot.com/44b47d31-0530-41ee-a120-d8e5b937bf6f.zip?GoogleAccessId=service-689954200164@gcf-admin-robot.iam.gserviceaccount.com&Expires=1673359878&Signature=CQEmjs%2FvZRXni7cp60y%2BzOzQx8oVW37Q1F5tFPfSqgC5jUWMHLKtQzI5MWo1EmcMQhSAvEf88FS3o7QGP5LvOho9SOUJSjfZKIXRP0V0tdLwrBWwJcV0F4UHJ48tLwiRI14sVYHWEp7ZK%2B3Kyygjz6VQiJGvtAy9No7CHmkI2KP2plWBYxYZWd6qJ9KOpgujlUuM6EU9uwsj71sWYv5y0bRGlTVhKYvn5dQHK6lPw5Vcj4mRM9trtQgSGIika%2BGkk41WFjGZiVP91TGGI3R53bQfdLkdFh28iicjfVZoAj1o2yggBiCxecnK9hdQ4RLVCZCNYirHhnmpwkktZc1IOw%3D%3D","entryPoint":"api","runtime":"nodejs16","dockerRegistry":"ARTIFACT_REGISTRY","labels":{"deployment-tool":"cli-firebase"},"httpsTrigger":{"securityLevel":"SECURE_ALWAYS"},"environmentVariables":{"FIREBASE_CONFIG":"{\"projectId\":\"hain-402aa\",\"storageBucket\":\"hain-402aa.appspot.com\",\"locationId\":\"asia-east2\"}","GCLOUD_PROJECT":"hain-402aa"},"availableMemoryMb":1024}
[debug] [2023-01-10T13:41:42.009Z] <<< [apiv2][status] PATCH https://cloudfunctions.googleapis.com/v1/projects/hain-402aa/locations/us-central1/functions/api 200
[debug] [2023-01-10T13:41:42.009Z] <<< [apiv2][body] PATCH https://cloudfunctions.googleapis.com/v1/projects/hain-402aa/locations/us-central1/functions/api {"name":"operations/aGFpbi00MDJhYS91cy1jZW50cmFsMS9hcGkvbGhDR0N3SFIyRFk","metadata":{"@type":"type.googleapis.com/google.cloud.functions.v1.OperationMetadataV1","target":"projects/hain-402aa/locations/us-central1/functions/api","type":"UPDATE_FUNCTION","request":{"@type":"type.googleapis.com/google.cloud.functions.v1.CloudFunction","name":"projects/hain-402aa/locations/us-central1/functions/api","httpsTrigger":{"url":"https://us-central1-hain-402aa.cloudfunctions.net/api","securityLevel":"SECURE_ALWAYS"},"status":"ACTIVE","entryPoint":"api","timeout":"60s","availableMemoryMb":1024,"serviceAccountEmail":"hain-402aa@appspot.gserviceaccount.com","updateTime":"2022-12-06T05:56:56.161Z","versionId":"28","labels":{"deployment-tool":"cli-firebase"},"sourceUploadUrl":"https://storage.googleapis.com/uploads-574745893299.us-central1.cloudfunctions.appspot.com/44b47d31-0530-41ee-a120-d8e5b937bf6f.zip?GoogleAccessId=service-689954200164@gcf-admin-robot.iam.gserviceaccount.com&Expires=1673359878&Signature=CQEmjs%2FvZRXni7cp60y%2BzOzQx8oVW37Q1F5tFPfSqgC5jUWMHLKtQzI5MWo1EmcMQhSAvEf88FS3o7QGP5LvOho9SOUJSjfZKIXRP0V0tdLwrBWwJcV0F4UHJ48tLwiRI14sVYHWEp7ZK%2B3Kyygjz6VQiJGvtAy9No7CHmkI2KP2plWBYxYZWd6qJ9KOpgujlUuM6EU9uwsj71sWYv5y0bRGlTVhKYvn5dQHK6lPw5Vcj4mRM9trtQgSGIika%2BGkk41WFjGZiVP91TGGI3R53bQfdLkdFh28iicjfVZoAj1o2yggBiCxecnK9hdQ4RLVCZCNYirHhnmpwkktZc1IOw%3D%3D","environmentVariables":{"FIREBASE_CONFIG":"{\"projectId\":\"hain-402aa\",\"storageBucket\":\"hain-402aa.appspot.com\",\"locationId\":\"asia-east2\"}","GCLOUD_PROJECT":"hain-402aa"},"runtime":"nodejs16","ingressSettings":"ALLOW_ALL","buildId":"23f873bb-a4e9-4c10-8ac9-041a77b38ee3","buildName":"projects/689954200164/locations/us-central1/builds/23f873bb-a4e9-4c10-8ac9-041a77b38ee3","dockerRegistry":"ARTIFACT_REGISTRY"},"versionId":"29","updateTime":"2023-01-10T13:41:20Z"}}
[debug] [2023-01-10T13:41:42.010Z] >>> [apiv2][query] GET https://cloudfunctions.googleapis.com/v1/operations/aGFpbi00MDJhYS91cy1jZW50cmFsMS9hcGkvbGhDR0N3SFIyRFk [none]
[debug] [2023-01-10T13:41:42.608Z] <<< [apiv2][status] GET https://cloudfunctions.googleapis.com/v1/operations/aGFpbi00MDJhYS91cy1jZW50cmFsMS9hcGkvbGhDR0N3SFIyRFk 200
[debug] [2023-01-10T13:41:42.608Z] <<< [apiv2][body] GET https://cloudfunctions.googleapis.com/v1/operations/aGFpbi00MDJhYS91cy1jZW50cmFsMS9hcGkvbGhDR0N3SFIyRFk {"name":"operations/aGFpbi00MDJhYS91cy1jZW50cmFsMS9hcGkvbGhDR0N3SFIyRFk","metadata":{"@type":"type.googleapis.com/google.cloud.functions.v1.OperationMetadataV1","target":"projects/hain-402aa/locations/us-central1/functions/api","type":"UPDATE_FUNCTION","request":{"@type":"type.googleapis.com/google.cloud.functions.v1.CloudFunction","name":"projects/hain-402aa/locations/us-central1/functions/api","httpsTrigger":{"url":"https://us-central1-hain-402aa.cloudfunctions.net/api","securityLevel":"SECURE_ALWAYS"},"status":"ACTIVE","entryPoint":"api","timeout":"60s","availableMemoryMb":1024,"serviceAccountEmail":"hain-402aa@appspot.gserviceaccount.com","updateTime":"2022-12-06T05:56:56.161Z","versionId":"28","labels":{"deployment-tool":"cli-firebase"},"sourceUploadUrl":"https://storage.googleapis.com/uploads-574745893299.us-central1.cloudfunctions.appspot.com/44b47d31-0530-41ee-a120-d8e5b937bf6f.zip?GoogleAccessId=service-689954200164@gcf-admin-robot.iam.gserviceaccount.com&Expires=1673359878&Signature=CQEmjs%2FvZRXni7cp60y%2BzOzQx8oVW37Q1F5tFPfSqgC5jUWMHLKtQzI5MWo1EmcMQhSAvEf88FS3o7QGP5LvOho9SOUJSjfZKIXRP0V0tdLwrBWwJcV0F4UHJ48tLwiRI14sVYHWEp7ZK%2B3Kyygjz6VQiJGvtAy9No7CHmkI2KP2plWBYxYZWd6qJ9KOpgujlUuM6EU9uwsj71sWYv5y0bRGlTVhKYvn5dQHK6lPw5Vcj4mRM9trtQgSGIika%2BGkk41WFjGZiVP91TGGI3R53bQfdLkdFh28iicjfVZoAj1o2yggBiCxecnK9hdQ4RLVCZCNYirHhnmpwkktZc1IOw%3D%3D","environmentVariables":{"FIREBASE_CONFIG":"{\"projectId\":\"hain-402aa\",\"storageBucket\":\"hain-402aa.appspot.com\",\"locationId\":\"asia-east2\"}","GCLOUD_PROJECT":"hain-402aa"},"runtime":"nodejs16","ingressSettings":"ALLOW_ALL","buildId":"23f873bb-a4e9-4c10-8ac9-041a77b38ee3","buildName":"projects/689954200164/locations/us-central1/builds/23f873bb-a4e9-4c10-8ac9-041a77b38ee3","dockerRegistry":"ARTIFACT_REGISTRY"},"versionId":"29","updateTime":"2023-01-10T13:41:20Z"}}
[debug] [2023-01-10T13:41:43.123Z] [update-default-us-central1-api] Retrying task index 0
[debug] [2023-01-10T13:41:43.124Z] >>> [apiv2][query] GET https://cloudfunctions.googleapis.com/v1/operations/aGFpbi00MDJhYS91cy1jZW50cmFsMS9hcGkvbGhDR0N3SFIyRFk [none]
[debug] [2023-01-10T13:41:43.721Z] <<< [apiv2][status] GET https://cloudfunctions.googleapis.com/v1/operations/aGFpbi00MDJhYS91cy1jZW50cmFsMS9hcGkvbGhDR0N3SFIyRFk 200
[debug] [2023-01-10T13:41:43.721Z] <<< [apiv2][body] GET https://cloudfunctions.googleapis.com/v1/operations/aGFpbi00MDJhYS91cy1jZW50cmFsMS9hcGkvbGhDR0N3SFIyRFk {"name":"operations/aGFpbi00MDJhYS91cy1jZW50cmFsMS9hcGkvbGhDR0N3SFIyRFk","metadata":{"@type":"type.googleapis.com/google.cloud.functions.v1.OperationMetadataV1","target":"projects/hain-402aa/locations/us-central1/functions/api","type":"UPDATE_FUNCTION","request":{"@type":"type.googleapis.com/google.cloud.functions.v1.CloudFunction","name":"projects/hain-402aa/locations/us-central1/functions/api","httpsTrigger":{"url":"https://us-central1-hain-402aa.cloudfunctions.net/api","securityLevel":"SECURE_ALWAYS"},"status":"ACTIVE","entryPoint":"api","timeout":"60s","availableMemoryMb":1024,"serviceAccountEmail":"hain-402aa@appspot.gserviceaccount.com","updateTime":"2022-12-06T05:56:56.161Z","versionId":"28","labels":{"deployment-tool":"cli-firebase"},"sourceUploadUrl":"https://storage.googleapis.com/uploads-574745893299.us-central1.cloudfunctions.appspot.com/44b47d31-0530-41ee-a120-d8e5b937bf6f.zip?GoogleAccessId=service-689954200164@gcf-admin-robot.iam.gserviceaccount.com&Expires=1673359878&Signature=CQEmjs%2FvZRXni7cp60y%2BzOzQx8oVW37Q1F5tFPfSqgC5jUWMHLKtQzI5MWo1EmcMQhSAvEf88FS3o7QGP5LvOho9SOUJSjfZKIXRP0V0tdLwrBWwJcV0F4UHJ48tLwiRI14sVYHWEp7ZK%2B3Kyygjz6VQiJGvtAy9No7CHmkI2KP2plWBYxYZWd6qJ9KOpgujlUuM6EU9uwsj71sWYv5y0bRGlTVhKYvn5dQHK6lPw5Vcj4mRM9trtQgSGIika%2BGkk41WFjGZiVP91TGGI3R53bQfdLkdFh28iicjfVZoAj1o2yggBiCxecnK9hdQ4RLVCZCNYirHhnmpwkktZc1IOw%3D%3D","environmentVariables":{"FIREBASE_CONFIG":"{\"projectId\":\"hain-402aa\",\"storageBucket\":\"hain-402aa.appspot.com\",\"locationId\":\"asia-east2\"}","GCLOUD_PROJECT":"hain-402aa"},"runtime":"nodejs16","ingressSettings":"ALLOW_ALL","buildId":"23f873bb-a4e9-4c10-8ac9-041a77b38ee3","buildName":"projects/689954200164/locations/us-central1/builds/23f873bb-a4e9-4c10-8ac9-041a77b38ee3","dockerRegistry":"ARTIFACT_REGISTRY"},"versionId":"29","updateTime":"2023-01-10T13:41:20Z","buildId":"78ff90c7-dbe5-4b6b-b2e2-b697812494ea","buildName":"projects/689954200164/locations/us-central1/builds/78ff90c7-dbe5-4b6b-b2e2-b697812494ea"}}
[debug] [2023-01-10T13:41:44.723Z] [update-default-us-central1-api] Retrying task index 0
[debug] [2023-01-10T13:41:44.723Z] >>> [apiv2][query] GET https://cloudfunctions.googleapis.com/v1/operations/aGFpbi00MDJhYS91cy1jZW50cmFsMS9hcGkvbGhDR0N3SFIyRFk [none]
[debug] [2023-01-10T13:41:45.256Z] <<< [apiv2][status] GET https://cloudfunctions.googleapis.com/v1/operations/aGFpbi00MDJhYS91cy1jZW50cmFsMS9hcGkvbGhDR0N3SFIyRFk 200
[debug] [2023-01-10T13:41:45.256Z] <<< [apiv2][body] GET https://cloudfunctions.googleapis.com/v1/operations/aGFpbi00MDJhYS91cy1jZW50cmFsMS9hcGkvbGhDR0N3SFIyRFk {"name":"operations/aGFpbi00MDJhYS91cy1jZW50cmFsMS9hcGkvbGhDR0N3SFIyRFk","metadata":{"@type":"type.googleapis.com/google.cloud.functions.v1.OperationMetadataV1","target":"projects/hain-402aa/locations/us-central1/functions/api","type":"UPDATE_FUNCTION","request":{"@type":"type.googleapis.com/google.cloud.functions.v1.CloudFunction","name":"projects/hain-402aa/locations/us-central1/functions/api","httpsTrigger":{"url":"https://us-central1-hain-402aa.cloudfunctions.net/api","securityLevel":"SECURE_ALWAYS"},"status":"ACTIVE","entryPoint":"api","timeout":"60s","availableMemoryMb":1024,"serviceAccountEmail":"hain-402aa@appspot.gserviceaccount.com","updateTime":"2022-12-06T05:56:56.161Z","versionId":"28","labels":{"deployment-tool":"cli-firebase"},"sourceUploadUrl":"https://storage.googleapis.com/uploads-574745893299.us-central1.cloudfunctions.appspot.com/44b47d31-0530-41ee-a120-d8e5b937bf6f.zip?GoogleAccessId=service-689954200164@gcf-admin-robot.iam.gserviceaccount.com&Expires=1673359878&Signature=CQEmjs%2FvZRXni7cp60y%2BzOzQx8oVW37Q1F5tFPfSqgC5jUWMHLKtQzI5MWo1EmcMQhSAvEf88FS3o7QGP5LvOho9SOUJSjfZKIXRP0V0tdLwrBWwJcV0F4UHJ48tLwiRI14sVYHWEp7ZK%2B3Kyygjz6VQiJGvtAy9No7CHmkI2KP2plWBYxYZWd6qJ9KOpgujlUuM6EU9uwsj71sWYv5y0bRGlTVhKYvn5dQHK6lPw5Vcj4mRM9trtQgSGIika%2BGkk41WFjGZiVP91TGGI3R53bQfdLkdFh28iicjfVZoAj1o2yggBiCxecnK9hdQ4RLVCZCNYirHhnmpwkktZc1IOw%3D%3D","environmentVariables":{"FIREBASE_CONFIG":"{\"projectId\":\"hain-402aa\",\"storageBucket\":\"hain-402aa.appspot.com\",\"locationId\":\"asia-east2\"}","GCLOUD_PROJECT":"hain-402aa"},"runtime":"nodejs16","ingressSettings":"ALLOW_ALL","buildId":"23f873bb-a4e9-4c10-8ac9-041a77b38ee3","buildName":"projects/689954200164/locations/us-central1/builds/23f873bb-a4e9-4c10-8ac9-041a77b38ee3","dockerRegistry":"ARTIFACT_REGISTRY"},"versionId":"29","updateTime":"2023-01-10T13:41:20Z","buildId":"78ff90c7-dbe5-4b6b-b2e2-b697812494ea","buildName":"projects/689954200164/locations/us-central1/builds/78ff90c7-dbe5-4b6b-b2e2-b697812494ea"}}
[debug] [2023-01-10T13:41:47.272Z] [update-default-us-central1-api] Retrying task index 0
[debug] [2023-01-10T13:41:47.272Z] >>> [apiv2][query] GET https://cloudfunctions.googleapis.com/v1/operations/aGFpbi00MDJhYS91cy1jZW50cmFsMS9hcGkvbGhDR0N3SFIyRFk [none]
[debug] [2023-01-10T13:41:47.629Z] <<< [apiv2][status] GET https://cloudfunctions.googleapis.com/v1/operations/aGFpbi00MDJhYS91cy1jZW50cmFsMS9hcGkvbGhDR0N3SFIyRFk 200
[debug] [2023-01-10T13:41:47.629Z] <<< [apiv2][body] GET https://cloudfunctions.googleapis.com/v1/operations/aGFpbi00MDJhYS91cy1jZW50cmFsMS9hcGkvbGhDR0N3SFIyRFk {"name":"operations/aGFpbi00MDJhYS91cy1jZW50cmFsMS9hcGkvbGhDR0N3SFIyRFk","metadata":{"@type":"type.googleapis.com/google.cloud.functions.v1.OperationMetadataV1","target":"projects/hain-402aa/locations/us-central1/functions/api","type":"UPDATE_FUNCTION","request":{"@type":"type.googleapis.com/google.cloud.functions.v1.CloudFunction","name":"projects/hain-402aa/locations/us-central1/functions/api","httpsTrigger":{"url":"https://us-central1-hain-402aa.cloudfunctions.net/api","securityLevel":"SECURE_ALWAYS"},"status":"ACTIVE","entryPoint":"api","timeout":"60s","availableMemoryMb":1024,"serviceAccountEmail":"hain-402aa@appspot.gserviceaccount.com","updateTime":"2022-12-06T05:56:56.161Z","versionId":"28","labels":{"deployment-tool":"cli-firebase"},"sourceUploadUrl":"https://storage.googleapis.com/uploads-574745893299.us-central1.cloudfunctions.appspot.com/44b47d31-0530-41ee-a120-d8e5b937bf6f.zip?GoogleAccessId=service-689954200164@gcf-admin-robot.iam.gserviceaccount.com&Expires=1673359878&Signature=CQEmjs%2FvZRXni7cp60y%2BzOzQx8oVW37Q1F5tFPfSqgC5jUWMHLKtQzI5MWo1EmcMQhSAvEf88FS3o7QGP5LvOho9SOUJSjfZKIXRP0V0tdLwrBWwJcV0F4UHJ48tLwiRI14sVYHWEp7ZK%2B3Kyygjz6VQiJGvtAy9No7CHmkI2KP2plWBYxYZWd6qJ9KOpgujlUuM6EU9uwsj71sWYv5y0bRGlTVhKYvn5dQHK6lPw5Vcj4mRM9trtQgSGIika%2BGkk41WFjGZiVP91TGGI3R53bQfdLkdFh28iicjfVZoAj1o2yggBiCxecnK9hdQ4RLVCZCNYirHhnmpwkktZc1IOw%3D%3D","environmentVariables":{"FIREBASE_CONFIG":"{\"projectId\":\"hain-402aa\",\"storageBucket\":\"hain-402aa.appspot.com\",\"locationId\":\"asia-east2\"}","GCLOUD_PROJECT":"hain-402aa"},"runtime":"nodejs16","ingressSettings":"ALLOW_ALL","buildId":"23f873bb-a4e9-4c10-8ac9-041a77b38ee3","buildName":"projects/689954200164/locations/us-central1/builds/23f873bb-a4e9-4c10-8ac9-041a77b38ee3","dockerRegistry":"ARTIFACT_REGISTRY"},"versionId":"29","updateTime":"2023-01-10T13:41:20Z","buildId":"78ff90c7-dbe5-4b6b-b2e2-b697812494ea","buildName":"projects/689954200164/locations/us-central1/builds/78ff90c7-dbe5-4b6b-b2e2-b697812494ea"}}
[debug] [2023-01-10T13:41:51.643Z] [update-default-us-central1-api] Retrying task index 0
[debug] [2023-01-10T13:41:51.643Z] >>> [apiv2][query] GET https://cloudfunctions.googleapis.com/v1/operations/aGFpbi00MDJhYS91cy1jZW50cmFsMS9hcGkvbGhDR0N3SFIyRFk [none]
[debug] [2023-01-10T13:41:52.139Z] <<< [apiv2][status] GET https://cloudfunctions.googleapis.com/v1/operations/aGFpbi00MDJhYS91cy1jZW50cmFsMS9hcGkvbGhDR0N3SFIyRFk 200
[debug] [2023-01-10T13:41:52.139Z] <<< [apiv2][body] GET https://cloudfunctions.googleapis.com/v1/operations/aGFpbi00MDJhYS91cy1jZW50cmFsMS9hcGkvbGhDR0N3SFIyRFk {"name":"operations/aGFpbi00MDJhYS91cy1jZW50cmFsMS9hcGkvbGhDR0N3SFIyRFk","metadata":{"@type":"type.googleapis.com/google.cloud.functions.v1.OperationMetadataV1","target":"projects/hain-402aa/locations/us-central1/functions/api","type":"UPDATE_FUNCTION","request":{"@type":"type.googleapis.com/google.cloud.functions.v1.CloudFunction","name":"projects/hain-402aa/locations/us-central1/functions/api","httpsTrigger":{"url":"https://us-central1-hain-402aa.cloudfunctions.net/api","securityLevel":"SECURE_ALWAYS"},"status":"ACTIVE","entryPoint":"api","timeout":"60s","availableMemoryMb":1024,"serviceAccountEmail":"hain-402aa@appspot.gserviceaccount.com","updateTime":"2022-12-06T05:56:56.161Z","versionId":"28","labels":{"deployment-tool":"cli-firebase"},"sourceUploadUrl":"https://storage.googleapis.com/uploads-574745893299.us-central1.cloudfunctions.appspot.com/44b47d31-0530-41ee-a120-d8e5b937bf6f.zip?GoogleAccessId=service-689954200164@gcf-admin-robot.iam.gserviceaccount.com&Expires=1673359878&Signature=CQEmjs%2FvZRXni7cp60y%2BzOzQx8oVW37Q1F5tFPfSqgC5jUWMHLKtQzI5MWo1EmcMQhSAvEf88FS3o7QGP5LvOho9SOUJSjfZKIXRP0V0tdLwrBWwJcV0F4UHJ48tLwiRI14sVYHWEp7ZK%2B3Kyygjz6VQiJGvtAy9No7CHmkI2KP2plWBYxYZWd6qJ9KOpgujlUuM6EU9uwsj71sWYv5y0bRGlTVhKYvn5dQHK6lPw5Vcj4mRM9trtQgSGIika%2BGkk41WFjGZiVP91TGGI3R53bQfdLkdFh28iicjfVZoAj1o2yggBiCxecnK9hdQ4RLVCZCNYirHhnmpwkktZc1IOw%3D%3D","environmentVariables":{"FIREBASE_CONFIG":"{\"projectId\":\"hain-402aa\",\"storageBucket\":\"hain-402aa.appspot.com\",\"locationId\":\"asia-east2\"}","GCLOUD_PROJECT":"hain-402aa"},"runtime":"nodejs16","ingressSettings":"ALLOW_ALL","buildId":"23f873bb-a4e9-4c10-8ac9-041a77b38ee3","buildName":"projects/689954200164/locations/us-central1/builds/23f873bb-a4e9-4c10-8ac9-041a77b38ee3","dockerRegistry":"ARTIFACT_REGISTRY"},"versionId":"29","updateTime":"2023-01-10T13:41:20Z","buildId":"78ff90c7-dbe5-4b6b-b2e2-b697812494ea","buildName":"projects/689954200164/locations/us-central1/builds/78ff90c7-dbe5-4b6b-b2e2-b697812494ea"}}
[debug] [2023-01-10T13:42:00.148Z] [update-default-us-central1-api] Retrying task index 0
[debug] [2023-01-10T13:42:00.148Z] >>> [apiv2][query] GET https://cloudfunctions.googleapis.com/v1/operations/aGFpbi00MDJhYS91cy1jZW50cmFsMS9hcGkvbGhDR0N3SFIyRFk [none]
[debug] [2023-01-10T13:42:00.566Z] <<< [apiv2][status] GET https://cloudfunctions.googleapis.com/v1/operations/aGFpbi00MDJhYS91cy1jZW50cmFsMS9hcGkvbGhDR0N3SFIyRFk 200
[debug] [2023-01-10T13:42:00.566Z] <<< [apiv2][body] GET https://cloudfunctions.googleapis.com/v1/operations/aGFpbi00MDJhYS91cy1jZW50cmFsMS9hcGkvbGhDR0N3SFIyRFk {"name":"operations/aGFpbi00MDJhYS91cy1jZW50cmFsMS9hcGkvbGhDR0N3SFIyRFk","metadata":{"@type":"type.googleapis.com/google.cloud.functions.v1.OperationMetadataV1","target":"projects/hain-402aa/locations/us-central1/functions/api","type":"UPDATE_FUNCTION","request":{"@type":"type.googleapis.com/google.cloud.functions.v1.CloudFunction","name":"projects/hain-402aa/locations/us-central1/functions/api","httpsTrigger":{"url":"https://us-central1-hain-402aa.cloudfunctions.net/api","securityLevel":"SECURE_ALWAYS"},"status":"ACTIVE","entryPoint":"api","timeout":"60s","availableMemoryMb":1024,"serviceAccountEmail":"hain-402aa@appspot.gserviceaccount.com","updateTime":"2022-12-06T05:56:56.161Z","versionId":"28","labels":{"deployment-tool":"cli-firebase"},"sourceUploadUrl":"https://storage.googleapis.com/uploads-574745893299.us-central1.cloudfunctions.appspot.com/44b47d31-0530-41ee-a120-d8e5b937bf6f.zip?GoogleAccessId=service-689954200164@gcf-admin-robot.iam.gserviceaccount.com&Expires=1673359878&Signature=CQEmjs%2FvZRXni7cp60y%2BzOzQx8oVW37Q1F5tFPfSqgC5jUWMHLKtQzI5MWo1EmcMQhSAvEf88FS3o7QGP5LvOho9SOUJSjfZKIXRP0V0tdLwrBWwJcV0F4UHJ48tLwiRI14sVYHWEp7ZK%2B3Kyygjz6VQiJGvtAy9No7CHmkI2KP2plWBYxYZWd6qJ9KOpgujlUuM6EU9uwsj71sWYv5y0bRGlTVhKYvn5dQHK6lPw5Vcj4mRM9trtQgSGIika%2BGkk41WFjGZiVP91TGGI3R53bQfdLkdFh28iicjfVZoAj1o2yggBiCxecnK9hdQ4RLVCZCNYirHhnmpwkktZc1IOw%3D%3D","environmentVariables":{"FIREBASE_CONFIG":"{\"projectId\":\"hain-402aa\",\"storageBucket\":\"hain-402aa.appspot.com\",\"locationId\":\"asia-east2\"}","GCLOUD_PROJECT":"hain-402aa"},"runtime":"nodejs16","ingressSettings":"ALLOW_ALL","buildId":"23f873bb-a4e9-4c10-8ac9-041a77b38ee3","buildName":"projects/689954200164/locations/us-central1/builds/23f873bb-a4e9-4c10-8ac9-041a77b38ee3","dockerRegistry":"ARTIFACT_REGISTRY"},"versionId":"29","updateTime":"2023-01-10T13:41:20Z","buildId":"78ff90c7-dbe5-4b6b-b2e2-b697812494ea","buildName":"projects/689954200164/locations/us-central1/builds/78ff90c7-dbe5-4b6b-b2e2-b697812494ea"}}
[debug] [2023-01-10T13:42:10.581Z] [update-default-us-central1-api] Retrying task index 0
[debug] [2023-01-10T13:42:10.582Z] >>> [apiv2][query] GET https://cloudfunctions.googleapis.com/v1/operations/aGFpbi00MDJhYS91cy1jZW50cmFsMS9hcGkvbGhDR0N3SFIyRFk [none]
[debug] [2023-01-10T13:42:10.996Z] <<< [apiv2][status] GET https://cloudfunctions.googleapis.com/v1/operations/aGFpbi00MDJhYS91cy1jZW50cmFsMS9hcGkvbGhDR0N3SFIyRFk 200
[debug] [2023-01-10T13:42:10.996Z] <<< [apiv2][body] GET https://cloudfunctions.googleapis.com/v1/operations/aGFpbi00MDJhYS91cy1jZW50cmFsMS9hcGkvbGhDR0N3SFIyRFk {"name":"operations/aGFpbi00MDJhYS91cy1jZW50cmFsMS9hcGkvbGhDR0N3SFIyRFk","metadata":{"@type":"type.googleapis.com/google.cloud.functions.v1.OperationMetadataV1","target":"projects/hain-402aa/locations/us-central1/functions/api","type":"UPDATE_FUNCTION","request":{"@type":"type.googleapis.com/google.cloud.functions.v1.CloudFunction","name":"projects/hain-402aa/locations/us-central1/functions/api","httpsTrigger":{"url":"https://us-central1-hain-402aa.cloudfunctions.net/api","securityLevel":"SECURE_ALWAYS"},"status":"ACTIVE","entryPoint":"api","timeout":"60s","availableMemoryMb":1024,"serviceAccountEmail":"hain-402aa@appspot.gserviceaccount.com","updateTime":"2022-12-06T05:56:56.161Z","versionId":"28","labels":{"deployment-tool":"cli-firebase"},"sourceUploadUrl":"https://storage.googleapis.com/uploads-574745893299.us-central1.cloudfunctions.appspot.com/44b47d31-0530-41ee-a120-d8e5b937bf6f.zip?GoogleAccessId=service-689954200164@gcf-admin-robot.iam.gserviceaccount.com&Expires=1673359878&Signature=CQEmjs%2FvZRXni7cp60y%2BzOzQx8oVW37Q1F5tFPfSqgC5jUWMHLKtQzI5MWo1EmcMQhSAvEf88FS3o7QGP5LvOho9SOUJSjfZKIXRP0V0tdLwrBWwJcV0F4UHJ48tLwiRI14sVYHWEp7ZK%2B3Kyygjz6VQiJGvtAy9No7CHmkI2KP2plWBYxYZWd6qJ9KOpgujlUuM6EU9uwsj71sWYv5y0bRGlTVhKYvn5dQHK6lPw5Vcj4mRM9trtQgSGIika%2BGkk41WFjGZiVP91TGGI3R53bQfdLkdFh28iicjfVZoAj1o2yggBiCxecnK9hdQ4RLVCZCNYirHhnmpwkktZc1IOw%3D%3D","environmentVariables":{"FIREBASE_CONFIG":"{\"projectId\":\"hain-402aa\",\"storageBucket\":\"hain-402aa.appspot.com\",\"locationId\":\"asia-east2\"}","GCLOUD_PROJECT":"hain-402aa"},"runtime":"nodejs16","ingressSettings":"ALLOW_ALL","buildId":"23f873bb-a4e9-4c10-8ac9-041a77b38ee3","buildName":"projects/689954200164/locations/us-central1/builds/23f873bb-a4e9-4c10-8ac9-041a77b38ee3","dockerRegistry":"ARTIFACT_REGISTRY"},"versionId":"29","updateTime":"2023-01-10T13:41:20Z","buildId":"78ff90c7-dbe5-4b6b-b2e2-b697812494ea","buildName":"projects/689954200164/locations/us-central1/builds/78ff90c7-dbe5-4b6b-b2e2-b697812494ea"}}
[debug] [2023-01-10T13:42:21.004Z] [update-default-us-central1-api] Retrying task index 0
[debug] [2023-01-10T13:42:21.004Z] >>> [apiv2][query] GET https://cloudfunctions.googleapis.com/v1/operations/aGFpbi00MDJhYS91cy1jZW50cmFsMS9hcGkvbGhDR0N3SFIyRFk [none]
[debug] [2023-01-10T13:42:21.441Z] <<< [apiv2][status] GET https://cloudfunctions.googleapis.com/v1/operations/aGFpbi00MDJhYS91cy1jZW50cmFsMS9hcGkvbGhDR0N3SFIyRFk 200
[debug] [2023-01-10T13:42:21.441Z] <<< [apiv2][body] GET https://cloudfunctions.googleapis.com/v1/operations/aGFpbi00MDJhYS91cy1jZW50cmFsMS9hcGkvbGhDR0N3SFIyRFk {"name":"operations/aGFpbi00MDJhYS91cy1jZW50cmFsMS9hcGkvbGhDR0N3SFIyRFk","metadata":{"@type":"type.googleapis.com/google.cloud.functions.v1.OperationMetadataV1","target":"projects/hain-402aa/locations/us-central1/functions/api","type":"UPDATE_FUNCTION","request":{"@type":"type.googleapis.com/google.cloud.functions.v1.CloudFunction","name":"projects/hain-402aa/locations/us-central1/functions/api","httpsTrigger":{"url":"https://us-central1-hain-402aa.cloudfunctions.net/api","securityLevel":"SECURE_ALWAYS"},"status":"ACTIVE","entryPoint":"api","timeout":"60s","availableMemoryMb":1024,"serviceAccountEmail":"hain-402aa@appspot.gserviceaccount.com","updateTime":"2022-12-06T05:56:56.161Z","versionId":"28","labels":{"deployment-tool":"cli-firebase"},"sourceUploadUrl":"https://storage.googleapis.com/uploads-574745893299.us-central1.cloudfunctions.appspot.com/44b47d31-0530-41ee-a120-d8e5b937bf6f.zip?GoogleAccessId=service-689954200164@gcf-admin-robot.iam.gserviceaccount.com&Expires=1673359878&Signature=CQEmjs%2FvZRXni7cp60y%2BzOzQx8oVW37Q1F5tFPfSqgC5jUWMHLKtQzI5MWo1EmcMQhSAvEf88FS3o7QGP5LvOho9SOUJSjfZKIXRP0V0tdLwrBWwJcV0F4UHJ48tLwiRI14sVYHWEp7ZK%2B3Kyygjz6VQiJGvtAy9No7CHmkI2KP2plWBYxYZWd6qJ9KOpgujlUuM6EU9uwsj71sWYv5y0bRGlTVhKYvn5dQHK6lPw5Vcj4mRM9trtQgSGIika%2BGkk41WFjGZiVP91TGGI3R53bQfdLkdFh28iicjfVZoAj1o2yggBiCxecnK9hdQ4RLVCZCNYirHhnmpwkktZc1IOw%3D%3D","environmentVariables":{"FIREBASE_CONFIG":"{\"projectId\":\"hain-402aa\",\"storageBucket\":\"hain-402aa.appspot.com\",\"locationId\":\"asia-east2\"}","GCLOUD_PROJECT":"hain-402aa"},"runtime":"nodejs16","ingressSettings":"ALLOW_ALL","buildId":"23f873bb-a4e9-4c10-8ac9-041a77b38ee3","buildName":"projects/689954200164/locations/us-central1/builds/23f873bb-a4e9-4c10-8ac9-041a77b38ee3","dockerRegistry":"ARTIFACT_REGISTRY"},"versionId":"29","updateTime":"2023-01-10T13:41:20Z","buildId":"78ff90c7-dbe5-4b6b-b2e2-b697812494ea","buildName":"projects/689954200164/locations/us-central1/builds/78ff90c7-dbe5-4b6b-b2e2-b697812494ea"}}
[debug] [2023-01-10T13:42:31.450Z] [update-default-us-central1-api] Retrying task index 0
[debug] [2023-01-10T13:42:31.450Z] >>> [apiv2][query] GET https://cloudfunctions.googleapis.com/v1/operations/aGFpbi00MDJhYS91cy1jZW50cmFsMS9hcGkvbGhDR0N3SFIyRFk [none]
[debug] [2023-01-10T13:42:32.017Z] <<< [apiv2][status] GET https://cloudfunctions.googleapis.com/v1/operations/aGFpbi00MDJhYS91cy1jZW50cmFsMS9hcGkvbGhDR0N3SFIyRFk 200
[debug] [2023-01-10T13:42:32.017Z] <<< [apiv2][body] GET https://cloudfunctions.googleapis.com/v1/operations/aGFpbi00MDJhYS91cy1jZW50cmFsMS9hcGkvbGhDR0N3SFIyRFk {"name":"operations/aGFpbi00MDJhYS91cy1jZW50cmFsMS9hcGkvbGhDR0N3SFIyRFk","metadata":{"@type":"type.googleapis.com/google.cloud.functions.v1.OperationMetadataV1","target":"projects/hain-402aa/locations/us-central1/functions/api","type":"UPDATE_FUNCTION","request":{"@type":"type.googleapis.com/google.cloud.functions.v1.CloudFunction","name":"projects/hain-402aa/locations/us-central1/functions/api","httpsTrigger":{"url":"https://us-central1-hain-402aa.cloudfunctions.net/api","securityLevel":"SECURE_ALWAYS"},"status":"ACTIVE","entryPoint":"api","timeout":"60s","availableMemoryMb":1024,"serviceAccountEmail":"hain-402aa@appspot.gserviceaccount.com","updateTime":"2022-12-06T05:56:56.161Z","versionId":"28","labels":{"deployment-tool":"cli-firebase"},"sourceUploadUrl":"https://storage.googleapis.com/uploads-574745893299.us-central1.cloudfunctions.appspot.com/44b47d31-0530-41ee-a120-d8e5b937bf6f.zip?GoogleAccessId=service-689954200164@gcf-admin-robot.iam.gserviceaccount.com&Expires=1673359878&Signature=CQEmjs%2FvZRXni7cp60y%2BzOzQx8oVW37Q1F5tFPfSqgC5jUWMHLKtQzI5MWo1EmcMQhSAvEf88FS3o7QGP5LvOho9SOUJSjfZKIXRP0V0tdLwrBWwJcV0F4UHJ48tLwiRI14sVYHWEp7ZK%2B3Kyygjz6VQiJGvtAy9No7CHmkI2KP2plWBYxYZWd6qJ9KOpgujlUuM6EU9uwsj71sWYv5y0bRGlTVhKYvn5dQHK6lPw5Vcj4mRM9trtQgSGIika%2BGkk41WFjGZiVP91TGGI3R53bQfdLkdFh28iicjfVZoAj1o2yggBiCxecnK9hdQ4RLVCZCNYirHhnmpwkktZc1IOw%3D%3D","environmentVariables":{"FIREBASE_CONFIG":"{\"projectId\":\"hain-402aa\",\"storageBucket\":\"hain-402aa.appspot.com\",\"locationId\":\"asia-east2\"}","GCLOUD_PROJECT":"hain-402aa"},"runtime":"nodejs16","ingressSettings":"ALLOW_ALL","buildId":"23f873bb-a4e9-4c10-8ac9-041a77b38ee3","buildName":"projects/689954200164/locations/us-central1/builds/23f873bb-a4e9-4c10-8ac9-041a77b38ee3","dockerRegistry":"ARTIFACT_REGISTRY"},"versionId":"29","updateTime":"2023-01-10T13:41:20Z","buildId":"78ff90c7-dbe5-4b6b-b2e2-b697812494ea","buildName":"projects/689954200164/locations/us-central1/builds/78ff90c7-dbe5-4b6b-b2e2-b697812494ea"}}
[debug] [2023-01-10T13:42:42.021Z] [update-default-us-central1-api] Retrying task index 0
[debug] [2023-01-10T13:42:42.022Z] >>> [apiv2][query] GET https://cloudfunctions.googleapis.com/v1/operations/aGFpbi00MDJhYS91cy1jZW50cmFsMS9hcGkvbGhDR0N3SFIyRFk [none]
[debug] [2023-01-10T13:42:42.672Z] <<< [apiv2][status] GET https://cloudfunctions.googleapis.com/v1/operations/aGFpbi00MDJhYS91cy1jZW50cmFsMS9hcGkvbGhDR0N3SFIyRFk 200
[debug] [2023-01-10T13:42:42.673Z] <<< [apiv2][body] GET https://cloudfunctions.googleapis.com/v1/operations/aGFpbi00MDJhYS91cy1jZW50cmFsMS9hcGkvbGhDR0N3SFIyRFk {"name":"operations/aGFpbi00MDJhYS91cy1jZW50cmFsMS9hcGkvbGhDR0N3SFIyRFk","metadata":{"@type":"type.googleapis.com/google.cloud.functions.v1.OperationMetadataV1","target":"projects/hain-402aa/locations/us-central1/functions/api","type":"UPDATE_FUNCTION","request":{"@type":"type.googleapis.com/google.cloud.functions.v1.CloudFunction","name":"projects/hain-402aa/locations/us-central1/functions/api","httpsTrigger":{"url":"https://us-central1-hain-402aa.cloudfunctions.net/api","securityLevel":"SECURE_ALWAYS"},"status":"ACTIVE","entryPoint":"api","timeout":"60s","availableMemoryMb":1024,"serviceAccountEmail":"hain-402aa@appspot.gserviceaccount.com","updateTime":"2022-12-06T05:56:56.161Z","versionId":"28","labels":{"deployment-tool":"cli-firebase"},"sourceUploadUrl":"https://storage.googleapis.com/uploads-574745893299.us-central1.cloudfunctions.appspot.com/44b47d31-0530-41ee-a120-d8e5b937bf6f.zip?GoogleAccessId=service-689954200164@gcf-admin-robot.iam.gserviceaccount.com&Expires=1673359878&Signature=CQEmjs%2FvZRXni7cp60y%2BzOzQx8oVW37Q1F5tFPfSqgC5jUWMHLKtQzI5MWo1EmcMQhSAvEf88FS3o7QGP5LvOho9SOUJSjfZKIXRP0V0tdLwrBWwJcV0F4UHJ48tLwiRI14sVYHWEp7ZK%2B3Kyygjz6VQiJGvtAy9No7CHmkI2KP2plWBYxYZWd6qJ9KOpgujlUuM6EU9uwsj71sWYv5y0bRGlTVhKYvn5dQHK6lPw5Vcj4mRM9trtQgSGIika%2BGkk41WFjGZiVP91TGGI3R53bQfdLkdFh28iicjfVZoAj1o2yggBiCxecnK9hdQ4RLVCZCNYirHhnmpwkktZc1IOw%3D%3D","environmentVariables":{"FIREBASE_CONFIG":"{\"projectId\":\"hain-402aa\",\"storageBucket\":\"hain-402aa.appspot.com\",\"locationId\":\"asia-east2\"}","GCLOUD_PROJECT":"hain-402aa"},"runtime":"nodejs16","ingressSettings":"ALLOW_ALL","buildId":"23f873bb-a4e9-4c10-8ac9-041a77b38ee3","buildName":"projects/689954200164/locations/us-central1/builds/23f873bb-a4e9-4c10-8ac9-041a77b38ee3","dockerRegistry":"ARTIFACT_REGISTRY"},"versionId":"29","updateTime":"2023-01-10T13:41:20Z","buildId":"78ff90c7-dbe5-4b6b-b2e2-b697812494ea","buildName":"projects/689954200164/locations/us-central1/builds/78ff90c7-dbe5-4b6b-b2e2-b697812494ea"}}
